<?xml version="1.0" encoding="UTF-8"?>
<testsuite xmlns:xsi="http://www.w3.org/2001/XMLSchema-instance" xsi:noNamespaceSchemaLocation="https://maven.apache.org/surefire/maven-surefire-plugin/xsd/surefire-test-report.xsd" version="3.0.2" name="planner.FileHandlerTest" time="0.047" tests="4" errors="0" skipped="0" failures="0">
  <properties>
[...]
</properties>
  <testcase name="loadTasksSkipsLinesThatDoNotHaveFourParts" classname="planner.FileHandlerTest" time="0.036"/>
  <testcase name="saveTasksWritesTasksToFile" classname="planner.FileHandlerTest" time="0.002"/>
  <testcase name="loadTasksReadsTasksFromFile" classname="planner.FileHandlerTest" time="0.002"/>
  <testcase name="loadTasksReturnsEmptyListWhenFileDoesNotExist" classname="planner.FileHandlerTest" time="0.002">
    <system-out><![CDATA[No saved tasks found. :(
]]></system-out>
  </testcase>
</testsuite>